[2025-03-24 07:29:32] [trading] [INFO] - ================================================================================
[2025-03-24 07:29:32] [trading] [INFO] - ML Trading Bot v1.0.0
[2025-03-24 07:29:32] [trading] [INFO] - Started at: 2025-03-24 07:29:32
[2025-03-24 07:29:32] [trading] [INFO] - ================================================================================
[2025-03-24 07:29:32] [trading] [INFO] - Running model training
[2025-03-24 07:29:32] [trading] [INFO] - Training Configuration:
[2025-03-24 07:29:32] [trading] [INFO] -   Symbols: ['BTCUSDT']
[2025-03-24 07:29:32] [trading] [INFO] -   Timeframes: ['1h']
[2025-03-24 07:29:32] [trading] [INFO] -   Date Range: 2021-01-01 to 2022-12-31
[2025-03-24 07:29:32] [trading] [INFO] - Training model for BTCUSDT 1h
[2025-03-24 08:13:23] [trading] [INFO] - Running validation backtest
[2025-03-24 08:49:41] [trading] [INFO] - Validation signals stats: 0 non-zero signals out of 17285 bars
[2025-03-24 08:49:41] [trading] [INFO] - Signal distribution: {0: 17285}
[2025-03-24 08:49:41] [trading] [INFO] - Generating performance report
[2025-03-24 08:49:42] [trading] [INFO] - Validation report generated: reports/BTCUSDT_1h_validation/report.html
[2025-03-24 08:49:42] [trading] [INFO] - Validation Performance:
[2025-03-24 08:49:42] [trading] [INFO] -   Total Return: 0.00%
[2025-03-24 08:49:42] [trading] [INFO] -   Sharpe Ratio: 0.00
[2025-03-24 08:49:42] [trading] [INFO] -   Max Drawdown: 0.00%
[2025-03-24 08:49:42] [trading] [INFO] -   Win Rate: 0.00%
[2025-03-24 08:49:42] [trading] [INFO] - Completed training for BTCUSDT 1h
[2025-03-24 08:49:42] [trading] [INFO] - Total training time: 1:20:09
[2025-03-24 08:49:42] [trading] [INFO] - Processed 1 symbols and 1 timeframes
[2025-03-24 08:49:42] [trading] [INFO] - Total execution time: 1:20:09
[2025-03-24 08:49:42] [trading] [INFO] - ================================================================================
[2025-03-24 08:49:42] [trading] [INFO] - Finished at: 2025-03-24 08:49:42
[2025-03-24 08:49:42] [trading] [INFO] - ================================================================================
