[2025-03-22 10:05:13] [trading] [INFO] - ================================================================================
[2025-03-22 10:05:13] [trading] [INFO] - ML Trading Bot v1.0.0
[2025-03-22 10:05:13] [trading] [INFO] - Started at: 2025-03-22 10:05:13
[2025-03-22 10:05:13] [trading] [INFO] - ================================================================================
[2025-03-22 10:05:13] [trading] [INFO] - Running model training
[2025-03-22 10:05:13] [trading] [INFO] - Training Configuration:
[2025-03-22 10:05:13] [trading] [INFO] -   Symbols: ['BTCUSDT']
[2025-03-22 10:05:13] [trading] [INFO] -   Timeframes: ['1h']
[2025-03-22 10:05:13] [trading] [INFO] -   Date Range: 2021-01-01 to 2022-12-31
[2025-03-22 10:05:13] [trading] [INFO] - Training model for BTCUSDT 1h
[2025-03-22 10:08:42] [trading] [INFO] - Running validation backtest
[2025-03-22 10:14:34] [trading] [ERROR] - Error training model for BTCUSDT 1h: 'MLStrategy' object has no attribute 'calculate_position_size'
Traceback (most recent call last):
  File "/Users/mrsmoothy/Desktop/rsidtrade/tradebot_0/train.py", line 308, in run_training
    results = backtest_engine.run_backtest(
  File "/Users/mrsmoothy/Desktop/rsidtrade/tradebot_0/utils/profiling.py", line 24, in wrapper
    result = func(*args, **kwargs)
  File "/Users/mrsmoothy/Desktop/rsidtrade/tradebot_0/backtest/backtest_engine.py", line 229, in run_backtest
    backtest_results = strategy.backtest(df)
  File "/Users/mrsmoothy/Desktop/rsidtrade/tradebot_0/utils/profiling.py", line 24, in wrapper
    result = func(*args, **kwargs)
  File "/Users/mrsmoothy/Desktop/rsidtrade/tradebot_0/strategy/ml_strategy.py", line 707, in backtest
    self.open_position('short', current_price, current_time, signals.iloc[:i+1])
  File "/Users/mrsmoothy/Desktop/rsidtrade/tradebot_0/strategy/ml_strategy.py", line 536, in open_position
    position_size = self.calculate_position_size(price, stop_loss)
AttributeError: 'MLStrategy' object has no attribute 'calculate_position_size'. Did you mean: '_calculate_position_size'?
[2025-03-22 10:14:34] [trading] [INFO] - Total training time: 0:09:20
[2025-03-22 10:14:34] [trading] [INFO] - Processed 1 symbols and 1 timeframes
[2025-03-22 10:14:34] [trading] [INFO] - Total execution time: 0:09:20
[2025-03-22 10:14:34] [trading] [INFO] - ================================================================================
[2025-03-22 10:14:34] [trading] [INFO] - Finished at: 2025-03-22 10:14:34
[2025-03-22 10:14:34] [trading] [INFO] - ================================================================================
