[2025-03-21 13:36:07] [trading] [INFO] - ================================================================================
[2025-03-21 13:36:07] [trading] [INFO] - ML Trading Bot v1.0.0
[2025-03-21 13:36:07] [trading] [INFO] - Started at: 2025-03-21 13:36:07
[2025-03-21 13:36:07] [trading] [INFO] - ================================================================================
[2025-03-21 13:36:07] [trading] [INFO] - Running model training
[2025-03-21 13:36:07] [trading] [INFO] - Training Configuration:
[2025-03-21 13:36:07] [trading] [INFO] -   Symbols: ['BTCUSDT']
[2025-03-21 13:36:07] [trading] [INFO] -   Timeframes: ['1h']
[2025-03-21 13:36:07] [trading] [INFO] -   Date Range: 2021-01-01 to 2022-12-31
[2025-03-21 13:36:07] [trading] [INFO] - Training model for BTCUSDT 1h
[2025-03-21 13:37:58] [trading] [ERROR] - Error training model for BTCUSDT 1h: Input 0 of layer "functional" is incompatible with the layer: expected shape=(None, 60, 30), found shape=(None, 60, 24)
Traceback (most recent call last):
  File "/Users/mrsmoothy/Desktop/rsidtrade/tradebot_0/train.py", line 284, in run_training
    model = train_model(config_manager, args, symbol, timeframe, df)
  File "/Users/mrsmoothy/Desktop/rsidtrade/tradebot_0/train.py", line 193, in train_model
    history = model.train(
  File "/Users/mrsmoothy/Desktop/rsidtrade/tradebot_0/models/universal_model.py", line 313, in train
    history = self.model.fit(
  File "/Users/mrsmoothy/miniforge3/envs/trading_env/lib/python3.10/site-packages/keras/src/utils/traceback_utils.py", line 122, in error_handler
    raise e.with_traceback(filtered_tb) from None
  File "/Users/mrsmoothy/miniforge3/envs/trading_env/lib/python3.10/site-packages/keras/src/layers/input_spec.py", line 245, in assert_input_compatibility
    raise ValueError(
ValueError: Input 0 of layer "functional" is incompatible with the layer: expected shape=(None, 60, 30), found shape=(None, 60, 24)
[2025-03-21 13:37:58] [trading] [INFO] - ================================================================================
[2025-03-21 13:37:58] [trading] [INFO] - Finished at: 2025-03-21 13:37:58
[2025-03-21 13:37:58] [trading] [INFO] - ================================================================================
