[2025-03-21 13:40:01] [trading] [INFO] - ================================================================================
[2025-03-21 13:40:01] [trading] [INFO] - ML Trading Bot v1.0.0
[2025-03-21 13:40:01] [trading] [INFO] - Started at: 2025-03-21 13:40:01
[2025-03-21 13:40:01] [trading] [INFO] - ================================================================================
[2025-03-21 13:40:01] [trading] [INFO] - Running model training
[2025-03-21 13:40:01] [trading] [INFO] - Training Configuration:
[2025-03-21 13:40:01] [trading] [INFO] -   Symbols: ['BTCUSDT']
[2025-03-21 13:40:01] [trading] [INFO] -   Timeframes: ['1h']
[2025-03-21 13:40:01] [trading] [INFO] -   Date Range: 2021-01-01 to 2022-12-31
[2025-03-21 13:40:01] [trading] [INFO] - Training model for BTCUSDT 1h
[2025-03-21 13:41:43] [trading] [ERROR] - Error training model for BTCUSDT 1h: 'UniversalModel' object has no attribute 'input_shape'
Traceback (most recent call last):
  File "/Users/mrsmoothy/Desktop/rsidtrade/tradebot_0/train.py", line 284, in run_training
    model = train_model(config_manager, args, symbol, timeframe, df)
  File "/Users/mrsmoothy/Desktop/rsidtrade/tradebot_0/train.py", line 193, in train_model
    history = model.train(
  File "/Users/mrsmoothy/Desktop/rsidtrade/tradebot_0/models/universal_model.py", line 296, in train
    expected_feature_count = self.input_shape[-1]
AttributeError: 'UniversalModel' object has no attribute 'input_shape'
[2025-03-21 13:41:43] [trading] [INFO] - ================================================================================
[2025-03-21 13:41:43] [trading] [INFO] - Finished at: 2025-03-21 13:41:43
[2025-03-21 13:41:43] [trading] [INFO] - ================================================================================
