[2025-03-21 13:44:42] [trading] [INFO] - ================================================================================
[2025-03-21 13:44:42] [trading] [INFO] - ML Trading Bot v1.0.0
[2025-03-21 13:44:42] [trading] [INFO] - Started at: 2025-03-21 13:44:42
[2025-03-21 13:44:42] [trading] [INFO] - ================================================================================
[2025-03-21 13:44:42] [trading] [INFO] - Running model training
[2025-03-21 13:44:42] [trading] [INFO] - Training Configuration:
[2025-03-21 13:44:42] [trading] [INFO] -   Symbols: ['BTCUSDT']
[2025-03-21 13:44:42] [trading] [INFO] -   Timeframes: ['1h']
[2025-03-21 13:44:42] [trading] [INFO] -   Date Range: 2021-01-01 to 2022-12-31
[2025-03-21 13:44:42] [trading] [INFO] - Training model for BTCUSDT 1h
[2025-03-21 14:27:29] [trading] [ERROR] - Error training model for BTCUSDT 1h: 'Namespace' object has no attribute 'output_dir'
Traceback (most recent call last):
  File "/Users/mrsmoothy/Desktop/rsidtrade/tradebot_0/train.py", line 287, in run_training
    model_path = save_model(model, config_manager, symbol, timeframe, args)
  File "/Users/mrsmoothy/Desktop/rsidtrade/tradebot_0/train.py", line 223, in save_model
    output_dir = args.output_dir
AttributeError: 'Namespace' object has no attribute 'output_dir'
[2025-03-21 14:27:29] [trading] [INFO] - ================================================================================
[2025-03-21 14:27:29] [trading] [INFO] - Finished at: 2025-03-21 14:27:29
[2025-03-21 14:27:29] [trading] [INFO] - ================================================================================
