[2025-03-23 07:56:32] [trading] [INFO] - ================================================================================
[2025-03-23 07:56:32] [trading] [INFO] - ML Trading Bot v1.0.0
[2025-03-23 07:56:32] [trading] [INFO] - Started at: 2025-03-23 07:56:32
[2025-03-23 07:56:32] [trading] [INFO] - ================================================================================
[2025-03-23 07:56:32] [trading] [INFO] - Running model training
[2025-03-23 07:56:32] [trading] [INFO] - Training Configuration:
[2025-03-23 07:56:32] [trading] [INFO] -   Symbols: ['BTCUSDT']
[2025-03-23 07:56:32] [trading] [INFO] -   Timeframes: ['1h']
[2025-03-23 07:56:32] [trading] [INFO] -   Date Range: 2021-01-01 to 2022-12-31
[2025-03-23 07:56:32] [trading] [INFO] - Training model for BTCUSDT 1h
[2025-03-23 08:41:51] [trading] [INFO] - Running validation backtest
[2025-03-23 09:18:18] [trading] [ERROR] - Error training model for BTCUSDT 1h: 'PerformanceCalculator' object has no attribute '_calculate_drawdowns'
Traceback (most recent call last):
  File "/Users/mrsmoothy/Desktop/rsidtrade/tradebot_0/train.py", line 385, in run_training
    results = backtest_engine.run_backtest(
  File "/Users/mrsmoothy/Desktop/rsidtrade/tradebot_0/utils/profiling.py", line 24, in wrapper
    result = func(*args, **kwargs)
  File "/Users/mrsmoothy/Desktop/rsidtrade/tradebot_0/backtest/backtest_engine.py", line 245, in run_backtest
    performance = self.performance_calculator.calculate_metrics(
  File "/Users/mrsmoothy/Desktop/rsidtrade/tradebot_0/backtest/performance_metrics.py", line 64, in calculate_metrics
    drawdowns, max_dd_pct, max_dd_duration = self._calculate_drawdowns(equity_curve)
AttributeError: 'PerformanceCalculator' object has no attribute '_calculate_drawdowns'. Did you mean: '_calculate_max_drawdown'?
[2025-03-23 09:18:18] [trading] [INFO] - Total training time: 1:21:45
[2025-03-23 09:18:18] [trading] [INFO] - Processed 1 symbols and 1 timeframes
[2025-03-23 09:18:18] [trading] [INFO] - Total execution time: 1:21:45
[2025-03-23 09:18:18] [trading] [INFO] - ================================================================================
[2025-03-23 09:18:18] [trading] [INFO] - Finished at: 2025-03-23 09:18:18
[2025-03-23 09:18:18] [trading] [INFO] - ================================================================================
