[2025-03-25 09:09:54] [trading] [INFO] - ================================================================================
[2025-03-25 09:09:54] [trading] [INFO] - ML Trading Bot v1.0.0
[2025-03-25 09:09:54] [trading] [INFO] - Started at: 2025-03-25 09:09:54
[2025-03-25 09:09:54] [trading] [INFO] - ================================================================================
[2025-03-25 09:09:54] [trading] [INFO] - Running model training
[2025-03-25 09:09:54] [trading] [INFO] - Training Configuration:
[2025-03-25 09:09:54] [trading] [INFO] -   Symbols: ['BTCUSDT']
[2025-03-25 09:09:54] [trading] [INFO] -   Timeframes: ['1h']
[2025-03-25 09:09:54] [trading] [INFO] -   Date Range: 2021-01-01 to 2022-12-31
[2025-03-25 09:09:54] [trading] [INFO] - Training model for BTCUSDT 1h
[2025-03-25 09:33:44] [trading] [INFO] - Running validation backtest
[2025-03-25 09:55:38] [trading] [ERROR] - Error training model for BTCUSDT 1h: 'numpy.datetime64' object has no attribute 'strftime'
Traceback (most recent call last):
  File "/Users/mrsmoothy/Desktop/rsidtrade/tradebot_0/train.py", line 385, in run_training
    results = backtest_engine.run_backtest(
  File "/Users/mrsmoothy/Desktop/rsidtrade/tradebot_0/utils/profiling.py", line 24, in wrapper
    result = func(*args, **kwargs)
  File "/Users/mrsmoothy/Desktop/rsidtrade/tradebot_0/backtest/backtest_engine.py", line 218, in run_backtest
    backtest_results = strategy.backtest(df)
  File "/Users/mrsmoothy/Desktop/rsidtrade/tradebot_0/utils/profiling.py", line 24, in wrapper
    result = func(*args, **kwargs)
  File "/Users/mrsmoothy/Desktop/rsidtrade/tradebot_0/strategy/ml_strategy.py", line 729, in backtest
    self.open_position(side, current_price, current_time, signals.iloc[:i+1])
  File "/Users/mrsmoothy/Desktop/rsidtrade/tradebot_0/strategy/ml_strategy.py", line 592, in open_position
    position_id = f"{self.symbol}_{side}_{time.strftime('%Y%m%d%H%M%S')}"
AttributeError: 'numpy.datetime64' object has no attribute 'strftime'
[2025-03-25 09:55:38] [trading] [INFO] - Total training time: 0:45:44
[2025-03-25 09:55:38] [trading] [INFO] - Processed 1 symbols and 1 timeframes
[2025-03-25 09:55:38] [trading] [INFO] - Total execution time: 0:45:44
[2025-03-25 09:55:38] [trading] [INFO] - ================================================================================
[2025-03-25 09:55:38] [trading] [INFO] - Finished at: 2025-03-25 09:55:38
[2025-03-25 09:55:38] [trading] [INFO] - ================================================================================
