[2025-03-23 11:35:32] [trading] [INFO] - ================================================================================
[2025-03-23 11:35:32] [trading] [INFO] - ML Trading Bot v1.0.0
[2025-03-23 11:35:32] [trading] [INFO] - Started at: 2025-03-23 11:35:32
[2025-03-23 11:35:32] [trading] [INFO] - ================================================================================
[2025-03-23 11:35:32] [trading] [INFO] - Running model training
[2025-03-23 11:35:32] [trading] [INFO] - Training Configuration:
[2025-03-23 11:35:32] [trading] [INFO] -   Symbols: ['BTCUSDT']
[2025-03-23 11:35:32] [trading] [INFO] -   Timeframes: ['1h']
[2025-03-23 11:35:32] [trading] [INFO] -   Date Range: 2021-01-01 to 2022-12-31
[2025-03-23 11:35:32] [trading] [INFO] - Training model for BTCUSDT 1h
[2025-03-23 12:20:36] [trading] [INFO] - Running validation backtest
[2025-03-23 12:56:44] [trading] [INFO] - Generating performance report
[2025-03-23 12:56:45] [trading] [INFO] - Validation report generated: reports/BTCUSDT_1h_validation/report.html
[2025-03-23 12:56:45] [trading] [INFO] - Validation Performance:
[2025-03-23 12:56:45] [trading] [INFO] -   Total Return: 0.00%
[2025-03-23 12:56:45] [trading] [INFO] -   Sharpe Ratio: 0.00
[2025-03-23 12:56:45] [trading] [INFO] -   Max Drawdown: 0.00%
[2025-03-23 12:56:45] [trading] [INFO] -   Win Rate: 0.00%
[2025-03-23 12:56:45] [trading] [INFO] - Completed training for BTCUSDT 1h
[2025-03-23 12:56:45] [trading] [INFO] - Total training time: 1:21:12
[2025-03-23 12:56:45] [trading] [INFO] - Processed 1 symbols and 1 timeframes
[2025-03-23 12:56:45] [trading] [INFO] - Total execution time: 1:21:12
[2025-03-23 12:56:45] [trading] [INFO] - ================================================================================
[2025-03-23 12:56:45] [trading] [INFO] - Finished at: 2025-03-23 12:56:45
[2025-03-23 12:56:45] [trading] [INFO] - ================================================================================
