[2025-03-24 14:58:41] [trading] [INFO] - ================================================================================
[2025-03-24 14:58:41] [trading] [INFO] - ML Trading Bot v1.0.0
[2025-03-24 14:58:41] [trading] [INFO] - Started at: 2025-03-24 14:58:41
[2025-03-24 14:58:41] [trading] [INFO] - ================================================================================
[2025-03-24 14:58:41] [trading] [INFO] - Running model training
[2025-03-24 14:58:41] [trading] [INFO] - Training Configuration:
[2025-03-24 14:58:41] [trading] [INFO] -   Symbols: ['BTCUSDT']
[2025-03-24 14:58:41] [trading] [INFO] -   Timeframes: ['1h']
[2025-03-24 14:58:41] [trading] [INFO] -   Date Range: 2021-01-01 to 2022-12-31
[2025-03-24 14:58:41] [trading] [INFO] - Training model for BTCUSDT 1h
[2025-03-24 15:52:19] [trading] [INFO] - Running validation backtest
[2025-03-24 16:13:50] [trading] [ERROR] - Error training model for BTCUSDT 1h: float division by zero
Traceback (most recent call last):
  File "/Users/mrsmoothy/Desktop/rsidtrade/tradebot_0/train.py", line 385, in run_training
    results = backtest_engine.run_backtest(
  File "/Users/mrsmoothy/Desktop/rsidtrade/tradebot_0/utils/profiling.py", line 24, in wrapper
    result = func(*args, **kwargs)
  File "/Users/mrsmoothy/Desktop/rsidtrade/tradebot_0/backtest/backtest_engine.py", line 268, in run_backtest
    performance = self.performance_calculator.calculate_metrics(
  File "/Users/mrsmoothy/Desktop/rsidtrade/tradebot_0/backtest/performance_metrics.py", line 319, in calculate_metrics
    returns = self._calculate_returns(equity_curve)
  File "/Users/mrsmoothy/Desktop/rsidtrade/tradebot_0/backtest/performance_metrics.py", line 108, in _calculate_returns
    returns.append(equity_curve[i] / equity_curve[i-1] - 1)
ZeroDivisionError: float division by zero
[2025-03-24 16:13:50] [trading] [INFO] - Total training time: 1:15:09
[2025-03-24 16:13:50] [trading] [INFO] - Processed 1 symbols and 1 timeframes
[2025-03-24 16:13:50] [trading] [INFO] - Total execution time: 1:15:09
[2025-03-24 16:13:50] [trading] [INFO] - ================================================================================
[2025-03-24 16:13:50] [trading] [INFO] - Finished at: 2025-03-24 16:13:50
[2025-03-24 16:13:50] [trading] [INFO] - ================================================================================
